<?xml version="1.0" encoding="UTF-8"?>
<!-- Generated by org.testng.reporters.JUnitReportReporter -->
<testsuite skipped="0" hostname="LAPTOP-1HMROTCT" name="testcases.login" tests="1" failures="0" timestamp="17 Feb 2020 18:01:03 GMT" time="3.895" errors="0">
  <testcase name="login1" time="3.895" classname="testcases.login"/>
</testsuite> <!-- testcases.login -->
